2025-03-22 22:58:33: [undefined]: info: Succefully started the server
2025-03-22 22:59:23:  info: Succefully started the server
2025-03-22 23:00:42:  info: Succefully started the server
2025-03-22 23:03:31:  info: Succefully started the server: undefined
2025-03-22 23:05:43:  info: Succefully started the server: undefined
2025-03-22 23:28:33:  info: Succefully started the server: undefined
2025-03-23 14:20:15:  info: Succefully started the server: undefined
2025-03-27 20:08:11:  info: Succefully started the server: undefined
2025-03-27 20:12:05:  info: Succefully started the server
2025-03-27 20:12:16:  info: Succefully started the server
2025-04-01 23:35:37:  info: Succefully started the server
2025-04-01 23:55:43:  error: Somthing  went wrong in the CRUD Repo:create 
2025-04-02 00:00:45:  error: Somthing  went wrong in the CRUD Repo:create 
2025-04-02 00:03:51:  error: Somthing  went wrong in the CRUD Repo:create 
2025-04-02 00:04:49:  error: Somthing  went wrong in the CRUD Repo:create 
2025-04-02 00:05:29:  error: Somthing  went wrong in the CRUD Repo:create 
2025-04-03 14:58:06:  error: Somthing  went wrong in the CRUD Repo:create 
2025-04-03 15:33:04:  error: Somthing  went wrong in the CRUD Repo:create 
2025-04-03 16:17:22:  error: Somthing  went wrong in the CRUD Repo:create 
2025-04-06 12:09:06:  error: Something went wrong in the Crud Repo : destroy
2025-04-06 22:44:38:  error: Something went wrong in the Crud Repo : update
2025-04-06 22:44:45:  error: Something went wrong in the Crud Repo : update
2025-04-06 22:44:46:  error: Something went wrong in the Crud Repo : update
2025-04-06 22:44:57:  error: Something went wrong in the Crud Repo : update
2025-04-06 22:51:10:  error: Something went wrong in the Crud Repo : update
2025-04-07 21:25:46:  error: Something went wrong in the Crud Repo : update
2025-04-07 21:25:48:  error: Something went wrong in the Crud Repo : update
2025-04-07 21:25:49:  error: Something went wrong in the Crud Repo : update
2025-04-07 22:19:29:  error: Something went wrong in the Crud Repo : get
2025-04-07 22:19:34:  error: Something went wrong in the Crud Repo : get
2025-04-07 22:20:09:  error: Something went wrong in the Crud Repo : get
